This file contains any messages produced by compilers while
running configure, to aid debugging if configure makes a mistake.

It was created by machine configure 1.0, which was
generated by GNU Autoconf 2.68.  Invocation command line was

  $ ./configure 

## --------- ##
## Platform. ##
## --------- ##

hostname = user-PC
uname -m = i686
uname -r = 1.7.17(0.262/5/3)
uname -s = CYGWIN_NT-6.1
uname -v = 2012-10-19 14:39

/usr/bin/uname -p = unknown
/bin/uname -X     = unknown

/bin/arch              = i686
/usr/bin/arch -k       = unknown
/usr/convex/getsysinfo = unknown
/usr/bin/hostinfo      = unknown
/bin/machine           = unknown
/usr/bin/oslevel       = unknown
/bin/universe          = unknown

PATH: /usr/local/bin
PATH: /usr/bin
PATH: /cygdrive/c/Perl/site/bin
PATH: /cygdrive/c/Perl/bin
PATH: /cygdrive/c/Program Files/Intel/Parallel Studio 2011/Composer SP1/redist/ia32/tbb/vc9
PATH: /cygdrive/c/Program Files/Intel/Parallel Studio 2011/Composer SP1/redist/ia32/ipp
PATH: /cygdrive/c/Program Files/Common Files/Intel/Shared Libraries/redist/ia32/compiler
PATH: /cygdrive/c/Program Files/Intel/iCLS Client
PATH: /cygdrive/c/Windows/system32
PATH: /cygdrive/c/Windows
PATH: /cygdrive/c/Windows/System32/Wbem
PATH: /cygdrive/c/Windows/System32/WindowsPowerShell/v1.0
PATH: /cygdrive/c/Program Files/Intel/Intel(R) Management Engine Components/DAL
PATH: /cygdrive/c/Program Files/Intel/Intel(R) Management Engine Components/IPT
PATH: /cygdrive/c/Program Files/Intel/OpenCL SDK/2.0/bin/x86
PATH: /cygdrive/c/Program Files/Microsoft SQL Server/90/Tools/binn
PATH: /cygdrive/c/Program Files/Borland/StarTeam SDK 10.4/Lib
PATH: /cygdrive/c/Program Files/Borland/StarTeam SDK 10.4/Bin
PATH: /cygdrive/c/Program Files/TortoiseSVN/bin
PATH: /cygdrive/c/Program Files/doxygen/bin
PATH: /cygdrive/c/Program Files/Graphviz 2.28/bin
PATH: /cygdrive/c/Program Files/CMake 2.8/bin
PATH: /cygdrive/c/Program Files/Tesseract-OCR
PATH: /cygdrive/d/bin
PATH: /cygdrive/d/sbin
PATH: /cygdrive/d/usr/bin
PATH: /cygdrive/d/user/sbin
PATH: /cygdrive/c/Program Files/OpenVPN/bin
PATH: /cygdrive/d/software/tuxedo11gR1_VS2010/bin
PATH: /cygdrive/c/Program Files/Java/jdk1.7.0_02/bin
PATH: /cygdrive/e/android-sdk-windows/tools
PATH: /cygdrive/e/android-ndk-r8b
PATH: /home/jl/bin


## ----------- ##
## Core tests. ##
## ----------- ##

configure:2138: checking for gcc
configure:2154: found /usr/bin/gcc
configure:2165: result: gcc
configure:2394: checking for C compiler version
configure:2403: gcc --version >&5
gcc (GCC) 4.5.3
Copyright (C) 2010 Free Software Foundation, Inc.
This is free software; see the source for copying conditions.  There is NO
warranty; not even for MERCHANTABILITY or FITNESS FOR A PARTICULAR PURPOSE.

configure:2414: $? = 0
configure:2403: gcc -v >&5
Using built-in specs.
COLLECT_GCC=gcc
COLLECT_LTO_WRAPPER=/usr/lib/gcc/i686-pc-cygwin/4.5.3/lto-wrapper.exe
Target: i686-pc-cygwin
Configured with: /gnu/gcc/releases/respins/4.5.3-3/gcc4-4.5.3-3/src/gcc-4.5.3/configure --srcdir=/gnu/gcc/releases/respins/4.5.3-3/gcc4-4.5.3-3/src/gcc-4.5.3 --prefix=/usr --exec-prefix=/usr --bindir=/usr/bin --sbindir=/usr/sbin --libexecdir=/usr/lib --datadir=/usr/share --localstatedir=/var --sysconfdir=/etc --datarootdir=/usr/share --docdir=/usr/share/doc/gcc4 -C --datadir=/usr/share --infodir=/usr/share/info --mandir=/usr/share/man -v --with-gmp=/usr --with-mpfr=/usr --enable-bootstrap --enable-version-specific-runtime-libs --libexecdir=/usr/lib --enable-static --enable-shared --enable-shared-libgcc --disable-__cxa_atexit --with-gnu-ld --with-gnu-as --with-dwarf2 --disable-sjlj-exceptions --enable-languages=ada,c,c++,fortran,java,lto,objc,obj-c++ --enable-graphite --enable-lto --enable-java-awt=gtk --disable-symvers --enable-libjava --program-suffix=-4 --enable-libgomp --enable-libssp --enable-libada --enable-threads=posix --with-arch=i686 --with-tune=generic --enable-libgcj-sublibs CC=gcc-4 CXX=g++-4 CC_FOR_TARGET=gcc-4 CXX_FOR_TARGET=g++-4 GNATMAKE_FOR_TARGET=gnatmake GNATBIND_FOR_TARGET=gnatbind --with-ecj-jar=/usr/share/java/ecj.jar
Thread model: posix
gcc version 4.5.3 (GCC) 
configure:2414: $? = 0
configure:2403: gcc -V >&5
gcc: '-V' option must have argument
configure:2414: $? = 1
configure:2403: gcc -qversion >&5
gcc: unrecognized option '-qversion'
gcc: no input files
configure:2414: $? = 1
configure:2434: checking whether the C compiler works
configure:2456: gcc    conftest.c  >&5
configure:2460: $? = 0
configure:2508: result: yes
configure:2511: checking for C compiler default output file name
configure:2513: result: a.exe
configure:2519: checking for suffix of executables
configure:2526: gcc -o conftest.exe    conftest.c  >&5
configure:2530: $? = 0
configure:2552: result: .exe
configure:2574: checking whether we are cross compiling
configure:2582: gcc -o conftest.exe    conftest.c  >&5
configure:2586: $? = 0
configure:2593: ./conftest.exe
configure:2597: $? = 0
configure:2612: result: no
configure:2617: checking for suffix of object files
configure:2639: gcc -c   conftest.c >&5
configure:2643: $? = 0
configure:2664: result: o
configure:2668: checking whether we are using the GNU C compiler
configure:2687: gcc -c   conftest.c >&5
configure:2687: $? = 0
configure:2696: result: yes
configure:2705: checking whether gcc accepts -g
configure:2725: gcc -c -g  conftest.c >&5
configure:2725: $? = 0
configure:2766: result: yes
configure:2783: checking for gcc option to accept ISO C89
configure:2847: gcc  -c -g -O2  conftest.c >&5
configure:2847: $? = 0
configure:2860: result: none needed
configure:2914: checking build system type
configure:2928: result: i686-pc-cygwin
configure:2948: checking host system type
configure:2961: result: i686-pc-cygwin
configure:2981: checking target system type
configure:2994: result: i686-pc-cygwin
configure:3038: checking for a BSD-compatible install
configure:3106: result: /usr/bin/install -c
configure:3117: checking whether build environment is sane
configure:3172: result: yes
configure:3323: checking for a thread-safe mkdir -p
configure:3362: result: /usr/bin/mkdir -p
configure:3369: checking for gawk
configure:3385: found /usr/bin/gawk
configure:3396: result: gawk
configure:3407: checking whether make sets $(MAKE)
configure:3429: result: yes
configure:3459: checking for style of include used by make
configure:3487: result: GNU
configure:3579: checking dependency style of gcc
configure:3690: result: gcc3
configure:3708: checking whether gcc and cc understand -c and -o together
configure:3739: gcc -c conftest.c -o conftest2.o >&5
configure:3743: $? = 0
configure:3749: gcc -c conftest.c -o conftest2.o >&5
configure:3753: $? = 0
configure:3764: cc -c conftest.c >&5
configure:3768: $? = 0
configure:3776: cc -c conftest.c -o conftest2.o >&5
configure:3780: $? = 0
configure:3786: cc -c conftest.c -o conftest2.o >&5
configure:3790: $? = 0
configure:3808: result: yes
configure:3880: checking how to print strings
configure:3907: result: printf
configure:3928: checking for a sed that does not truncate output
configure:3992: result: /usr/bin/sed
configure:4010: checking for grep that handles long lines and -e
configure:4068: result: /usr/bin/grep
configure:4073: checking for egrep
configure:4135: result: /usr/bin/grep -E
configure:4140: checking for fgrep
configure:4202: result: /usr/bin/grep -F
configure:4237: checking for ld used by gcc
configure:4304: result: /usr/i686-pc-cygwin/bin/ld.exe
configure:4311: checking if the linker (/usr/i686-pc-cygwin/bin/ld.exe) is GNU ld
configure:4326: result: yes
configure:4338: checking for BSD- or MS-compatible name lister (nm)
configure:4387: result: /usr/bin/nm -B
configure:4517: checking the name lister (/usr/bin/nm -B) interface
configure:4524: gcc -c -g -O2  conftest.c >&5
configure:4527: /usr/bin/nm -B "conftest.o"
configure:4530: output
00000000 b .bss
00000000 d .data
00000000 N .debug_abbrev
00000000 N .debug_info
00000000 N .debug_line
00000000 N .debug_pubnames
00000000 t .text
00000000 B _some_variable
configure:4537: result: BSD nm
configure:4540: checking whether ln -s works
configure:4544: result: yes
configure:4552: checking the maximum length of command line arguments
configure:4677: result: 8192
configure:4694: checking whether the shell understands some XSI constructs
configure:4704: result: yes
configure:4708: checking whether the shell understands "+="
configure:4714: result: yes
configure:4749: checking how to convert i686-pc-cygwin file names to i686-pc-cygwin format
configure:4789: result: func_convert_file_noop
configure:4796: checking how to convert i686-pc-cygwin file names to toolchain format
configure:4816: result: func_convert_file_noop
configure:4823: checking for /usr/i686-pc-cygwin/bin/ld.exe option to reload object files
configure:4830: result: -r
configure:4904: checking for objdump
configure:4920: found /usr/bin/objdump
configure:4931: result: objdump
configure:4963: checking how to recognize dependent libraries
configure:5165: result: file_magic ^x86 archive import|^x86 DLL
configure:5250: checking for dlltool
configure:5266: found /usr/bin/dlltool
configure:5277: result: dlltool
configure:5310: checking how to associate runtime and link libraries
configure:5337: result: func_cygming_dll_for_implib
configure:5398: checking for ar
configure:5414: found /usr/bin/ar
configure:5425: result: ar
configure:5462: checking for archiver @FILE support
configure:5479: gcc -c -g -O2  conftest.c >&5
configure:5479: $? = 0
configure:5482: ar cru libconftest.a @conftest.lst >&5
configure:5485: $? = 0
configure:5490: ar cru libconftest.a @conftest.lst >&5
ar: conftest.o: No such file or directory
configure:5493: $? = 1
configure:5505: result: @
configure:5563: checking for strip
configure:5579: found /usr/bin/strip
configure:5590: result: strip
configure:5662: checking for ranlib
configure:5678: found /usr/bin/ranlib
configure:5689: result: ranlib
configure:5791: checking command to parse /usr/bin/nm -B output from gcc object
configure:5910: gcc -c -g -O2  conftest.c >&5
configure:5913: $? = 0
configure:5917: /usr/bin/nm -B conftest.o \| sed -n -e 's/^.*[ ]\([ABCDGIRSTW][ABCDGIRSTW]*\)[ ][ ]*\([_A-Za-z][_A-Za-z0-9]*\)$/\1 \2 \2/p' | sed '/ __gnu_lto/d' \> conftest.nm
configure:5920: $? = 0
cannot find nm_test_var in conftest.nm
configure:5910: gcc -c -g -O2  conftest.c >&5
configure:5913: $? = 0
configure:5917: /usr/bin/nm -B conftest.o \| sed -n -e 's/^.*[ ]\([ABCDGIRSTW][ABCDGIRSTW]*\)[ ][ ]*_\([_A-Za-z][_A-Za-z0-9]*\)$/\1 _\2 \2/p' | sed '/ __gnu_lto/d' \> conftest.nm
configure:5920: $? = 0
configure:5986: gcc -o conftest.exe -g -O2   conftest.c conftstm.o >&5
configure:5989: $? = 0
configure:6027: result: ok
configure:6064: checking for sysroot
configure:6094: result: no
configure:6337: checking for mt
configure:6367: result: no
configure:6387: checking if : is a manifest tool
configure:6393: : '-?'
configure:6401: result: no
configure:7033: checking how to run the C preprocessor
configure:7064: gcc -E  conftest.c
configure:7064: $? = 0
configure:7078: gcc -E  conftest.c
conftest.c:11:28: fatal error: ac_nonexistent.h: No such file or directory
compilation terminated.
configure:7078: $? = 1
configure: failed program was:
| /* confdefs.h */
| #define PACKAGE_NAME "machine"
| #define PACKAGE_TARNAME "machine"
| #define PACKAGE_VERSION "1.0"
| #define PACKAGE_STRING "machine 1.0"
| #define PACKAGE_BUGREPORT ""
| #define PACKAGE_URL ""
| #define PACKAGE "machine"
| #define VERSION "1.0"
| /* end confdefs.h.  */
| #include <ac_nonexistent.h>
configure:7103: result: gcc -E
configure:7123: gcc -E  conftest.c
configure:7123: $? = 0
configure:7137: gcc -E  conftest.c
conftest.c:11:28: fatal error: ac_nonexistent.h: No such file or directory
compilation terminated.
configure:7137: $? = 1
configure: failed program was:
| /* confdefs.h */
| #define PACKAGE_NAME "machine"
| #define PACKAGE_TARNAME "machine"
| #define PACKAGE_VERSION "1.0"
| #define PACKAGE_STRING "machine 1.0"
| #define PACKAGE_BUGREPORT ""
| #define PACKAGE_URL ""
| #define PACKAGE "machine"
| #define VERSION "1.0"
| /* end confdefs.h.  */
| #include <ac_nonexistent.h>
configure:7166: checking for ANSI C header files
configure:7186: gcc -c -g -O2  conftest.c >&5
configure:7186: $? = 0
configure:7259: gcc -o conftest.exe -g -O2   conftest.c  >&5
configure:7259: $? = 0
configure:7259: ./conftest.exe
configure:7259: $? = 0
configure:7270: result: yes
configure:7283: checking for sys/types.h
configure:7283: gcc -c -g -O2  conftest.c >&5
configure:7283: $? = 0
configure:7283: result: yes
configure:7283: checking for sys/stat.h
configure:7283: gcc -c -g -O2  conftest.c >&5
configure:7283: $? = 0
configure:7283: result: yes
configure:7283: checking for stdlib.h
configure:7283: gcc -c -g -O2  conftest.c >&5
configure:7283: $? = 0
configure:7283: result: yes
configure:7283: checking for string.h
configure:7283: gcc -c -g -O2  conftest.c >&5
configure:7283: $? = 0
configure:7283: result: yes
configure:7283: checking for memory.h
configure:7283: gcc -c -g -O2  conftest.c >&5
configure:7283: $? = 0
configure:7283: result: yes
configure:7283: checking for strings.h
configure:7283: gcc -c -g -O2  conftest.c >&5
configure:7283: $? = 0
configure:7283: result: yes
configure:7283: checking for inttypes.h
configure:7283: gcc -c -g -O2  conftest.c >&5
configure:7283: $? = 0
configure:7283: result: yes
configure:7283: checking for stdint.h
configure:7283: gcc -c -g -O2  conftest.c >&5
configure:7283: $? = 0
configure:7283: result: yes
configure:7283: checking for unistd.h
configure:7283: gcc -c -g -O2  conftest.c >&5
configure:7283: $? = 0
configure:7283: result: yes
configure:7297: checking for dlfcn.h
configure:7297: gcc -c -g -O2  conftest.c >&5
configure:7297: $? = 0
configure:7297: result: yes
configure:7484: checking for objdir
configure:7499: result: .libs
configure:7766: checking if gcc supports -fno-rtti -fno-exceptions
configure:7784: gcc -c -g -O2  -fno-rtti -fno-exceptions conftest.c >&5
cc1: warning: command line option "-fno-rtti" is valid for C++/ObjC++ but not for C
configure:7788: $? = 0
configure:7801: result: no
configure:8111: checking for gcc option to produce PIC
configure:8118: result: -DDLL_EXPORT -DPIC
configure:8126: checking if gcc PIC flag -DDLL_EXPORT -DPIC works
configure:8144: gcc -c -g -O2  -DDLL_EXPORT -DPIC -DPIC conftest.c >&5
configure:8148: $? = 0
configure:8161: result: yes
configure:8190: checking if gcc static flag -static works
configure:8218: result: yes
configure:8233: checking if gcc supports -c -o file.o
configure:8254: gcc -c -g -O2  -o out/conftest2.o conftest.c >&5
configure:8258: $? = 0
configure:8280: result: yes
configure:8288: checking if gcc supports -c -o file.o
configure:8335: result: yes
configure:8368: checking whether the gcc linker (/usr/i686-pc-cygwin/bin/ld.exe) supports shared libraries
configure:9526: result: yes
configure:9563: checking whether -lc should be explicitly linked in
configure:9571: gcc -c -g -O2  conftest.c >&5
configure:9574: $? = 0
configure:9589: gcc -shared conftest.o  -v -o ./conftest -Wl,--enable-auto-image-base -Xlinker --out-implib -Xlinker conftest 2\>\&1 \| /usr/bin/grep  -lc  \>/dev/null 2\>\&1
configure:9592: $? = 1
configure:9606: result: yes
configure:9771: checking dynamic linker characteristics
configure:10507: result: Win32 ld.exe
configure:10614: checking how to hardcode library paths into programs
configure:10639: result: immediate
configure:11179: checking whether stripping libraries is possible
configure:11184: result: yes
configure:11219: checking if libtool supports shared libraries
configure:11221: result: yes
configure:11224: checking whether to build shared libraries
configure:11245: result: yes
configure:11248: checking whether to build static libraries
configure:11252: result: yes
configure:11437: checking that generated files are newer than configure
configure:11443: result: done
configure:11466: creating ./config.status

## ---------------------- ##
## Running config.status. ##
## ---------------------- ##

This file was extended by machine config.status 1.0, which was
generated by GNU Autoconf 2.68.  Invocation command line was

  CONFIG_FILES    = 
  CONFIG_HEADERS  = 
  CONFIG_LINKS    = 
  CONFIG_COMMANDS = 
  $ ./config.status 

on user-PC

config.status:1030: creating Makefile
config.status:1030: creating exampleProgram/Makefile
config.status:1030: creating libmachine/Makefile
config.status:1030: creating include/Makefile
config.status:1202: executing depfiles commands
config.status:1202: executing libtool commands

## ---------------- ##
## Cache variables. ##
## ---------------- ##

ac_cv_build=i686-pc-cygwin
ac_cv_c_compiler_gnu=yes
ac_cv_env_CC_set=
ac_cv_env_CC_value=
ac_cv_env_CFLAGS_set=
ac_cv_env_CFLAGS_value=
ac_cv_env_CPPFLAGS_set=
ac_cv_env_CPPFLAGS_value=
ac_cv_env_CPP_set=
ac_cv_env_CPP_value=
ac_cv_env_LDFLAGS_set=
ac_cv_env_LDFLAGS_value=
ac_cv_env_LIBS_set=
ac_cv_env_LIBS_value=
ac_cv_env_build_alias_set=
ac_cv_env_build_alias_value=
ac_cv_env_host_alias_set=
ac_cv_env_host_alias_value=
ac_cv_env_target_alias_set=
ac_cv_env_target_alias_value=
ac_cv_exeext=.exe
ac_cv_header_dlfcn_h=yes
ac_cv_header_inttypes_h=yes
ac_cv_header_memory_h=yes
ac_cv_header_stdc=yes
ac_cv_header_stdint_h=yes
ac_cv_header_stdlib_h=yes
ac_cv_header_string_h=yes
ac_cv_header_strings_h=yes
ac_cv_header_sys_stat_h=yes
ac_cv_header_sys_types_h=yes
ac_cv_header_unistd_h=yes
ac_cv_host=i686-pc-cygwin
ac_cv_objext=o
ac_cv_path_EGREP='/usr/bin/grep -E'
ac_cv_path_FGREP='/usr/bin/grep -F'
ac_cv_path_GREP=/usr/bin/grep
ac_cv_path_SED=/usr/bin/sed
ac_cv_path_install='/usr/bin/install -c'
ac_cv_path_mkdir=/usr/bin/mkdir
ac_cv_prog_AWK=gawk
ac_cv_prog_CPP='gcc -E'
ac_cv_prog_ac_ct_AR=ar
ac_cv_prog_ac_ct_CC=gcc
ac_cv_prog_ac_ct_DLLTOOL=dlltool
ac_cv_prog_ac_ct_OBJDUMP=objdump
ac_cv_prog_ac_ct_RANLIB=ranlib
ac_cv_prog_ac_ct_STRIP=strip
ac_cv_prog_cc_c89=
ac_cv_prog_cc_g=yes
ac_cv_prog_cc_gcc_c_o=yes
ac_cv_prog_make_make_set=yes
ac_cv_target=i686-pc-cygwin
am_cv_CC_dependencies_compiler_type=gcc3
lt_cv_ar_at_file=@
lt_cv_archive_cmds_need_lc=yes
lt_cv_deplibs_check_method='file_magic ^x86 archive import|^x86 DLL'
lt_cv_file_magic_cmd=func_win32_libid
lt_cv_file_magic_test_file=
lt_cv_ld_reload_flag=-r
lt_cv_nm_interface='BSD nm'
lt_cv_objdir=.libs
lt_cv_path_LD=/usr/i686-pc-cygwin/bin/ld.exe
lt_cv_path_NM='/usr/bin/nm -B'
lt_cv_path_mainfest_tool=no
lt_cv_prog_compiler_c_o=yes
lt_cv_prog_compiler_pic='-DDLL_EXPORT -DPIC'
lt_cv_prog_compiler_pic_works=yes
lt_cv_prog_compiler_rtti_exceptions=no
lt_cv_prog_compiler_static_works=yes
lt_cv_prog_gnu_ld=yes
lt_cv_sharedlib_from_linklib_cmd=func_cygming_dll_for_implib
lt_cv_sys_global_symbol_pipe='sed -n -e '\''s/^.*[	 ]\([ABCDGIRSTW][ABCDGIRSTW]*\)[	 ][	 ]*_\([_A-Za-z][_A-Za-z0-9]*\)$/\1 _\2 \2/p'\'' | sed '\''/ __gnu_lto/d'\'''
lt_cv_sys_global_symbol_to_c_name_address='sed -n -e '\''s/^: \([^ ]*\)[ ]*$/  {\"\1\", (void *) 0},/p'\'' -e '\''s/^[ABCDGIRSTW]* \([^ ]*\) \([^ ]*\)$/  {"\2", (void *) \&\2},/p'\'''
lt_cv_sys_global_symbol_to_c_name_address_lib_prefix='sed -n -e '\''s/^: \([^ ]*\)[ ]*$/  {\"\1\", (void *) 0},/p'\'' -e '\''s/^[ABCDGIRSTW]* \([^ ]*\) \(lib[^ ]*\)$/  {"\2", (void *) \&\2},/p'\'' -e '\''s/^[ABCDGIRSTW]* \([^ ]*\) \([^ ]*\)$/  {"lib\2", (void *) \&\2},/p'\'''
lt_cv_sys_global_symbol_to_cdecl='sed -n -e '\''s/^T .* \(.*\)$/extern int \1();/p'\'' -e '\''s/^[ABCDGIRSTW]* .* \(.*\)$/extern char \1;/p'\'''
lt_cv_sys_max_cmd_len=8192
lt_cv_to_host_file_cmd=func_convert_file_noop
lt_cv_to_tool_file_cmd=func_convert_file_noop

## ----------------- ##
## Output variables. ##
## ----------------- ##

ACLOCAL='${SHELL} /cygdrive/d/src/machine/missing --run aclocal-1.12'
AMDEPBACKSLASH='\'
AMDEP_FALSE='#'
AMDEP_TRUE=''
AMTAR='$${TAR-tar}'
AR='ar'
AUTOCONF='${SHELL} /cygdrive/d/src/machine/missing --run autoconf'
AUTOHEADER='${SHELL} /cygdrive/d/src/machine/missing --run autoheader'
AUTOMAKE='${SHELL} /cygdrive/d/src/machine/missing --run automake-1.12'
AWK='gawk'
CC='gcc'
CCDEPMODE='depmode=gcc3'
CFLAGS='-g -O2'
CPP='gcc -E'
CPPFLAGS=''
CYGPATH_W='cygpath -w'
DEFS='-DPACKAGE_NAME=\"machine\" -DPACKAGE_TARNAME=\"machine\" -DPACKAGE_VERSION=\"1.0\" -DPACKAGE_STRING=\"machine\ 1.0\" -DPACKAGE_BUGREPORT=\"\" -DPACKAGE_URL=\"\" -DPACKAGE=\"machine\" -DVERSION=\"1.0\" -DSTDC_HEADERS=1 -DHAVE_SYS_TYPES_H=1 -DHAVE_SYS_STAT_H=1 -DHAVE_STDLIB_H=1 -DHAVE_STRING_H=1 -DHAVE_MEMORY_H=1 -DHAVE_STRINGS_H=1 -DHAVE_INTTYPES_H=1 -DHAVE_STDINT_H=1 -DHAVE_UNISTD_H=1 -DHAVE_DLFCN_H=1 -DLT_OBJDIR=\".libs/\"'
DEPDIR='.deps'
DLLTOOL='dlltool'
DSYMUTIL=''
DUMPBIN=''
ECHO_C=''
ECHO_N='-n'
ECHO_T=''
EGREP='/usr/bin/grep -E'
EXEEXT='.exe'
FGREP='/usr/bin/grep -F'
GREP='/usr/bin/grep'
INSTALL_DATA='${INSTALL} -m 644'
INSTALL_PROGRAM='${INSTALL}'
INSTALL_SCRIPT='${INSTALL}'
INSTALL_STRIP_PROGRAM='$(install_sh) -c -s'
LD='/usr/i686-pc-cygwin/bin/ld.exe'
LDFLAGS=''
LIBOBJS=''
LIBS=''
LIBTOOL='$(SHELL) $(top_builddir)/libtool'
LIPO=''
LN_S='ln -s'
LTLIBOBJS=''
MAKEINFO='${SHELL} /cygdrive/d/src/machine/missing --run makeinfo'
MANIFEST_TOOL=':'
MKDIR_P='/usr/bin/mkdir -p'
NM='/usr/bin/nm -B'
NMEDIT=''
OBJDUMP='objdump'
OBJEXT='o'
OTOOL64=''
OTOOL=''
PACKAGE='machine'
PACKAGE_BUGREPORT=''
PACKAGE_NAME='machine'
PACKAGE_STRING='machine 1.0'
PACKAGE_TARNAME='machine'
PACKAGE_URL=''
PACKAGE_VERSION='1.0'
PATH_SEPARATOR=':'
RANLIB='ranlib'
SED='/usr/bin/sed'
SET_MAKE=''
SHELL='/bin/sh'
STRIP='strip'
VERSION='1.0'
ac_ct_AR='ar'
ac_ct_CC='gcc'
ac_ct_DUMPBIN=''
am__EXEEXT_FALSE='#'
am__EXEEXT_TRUE=''
am__fastdepCC_FALSE='#'
am__fastdepCC_TRUE=''
am__include='include'
am__isrc=''
am__leading_dot='.'
am__nodep='_no'
am__quote=''
am__tar='$${TAR-tar} chof - "$$tardir"'
am__untar='$${TAR-tar} xf -'
bindir='${exec_prefix}/bin'
build='i686-pc-cygwin'
build_alias=''
build_cpu='i686'
build_os='cygwin'
build_vendor='pc'
datadir='${datarootdir}'
datarootdir='${prefix}/share'
docdir='${datarootdir}/doc/${PACKAGE_TARNAME}'
dvidir='${docdir}'
exec_prefix='${prefix}'
host='i686-pc-cygwin'
host_alias=''
host_cpu='i686'
host_os='cygwin'
host_vendor='pc'
htmldir='${docdir}'
includedir='${prefix}/include'
infodir='${datarootdir}/info'
install_sh='${SHELL} /cygdrive/d/src/machine/install-sh'
libdir='${exec_prefix}/lib'
libexecdir='${exec_prefix}/libexec'
localedir='${datarootdir}/locale'
localstatedir='${prefix}/var'
mandir='${datarootdir}/man'
mkdir_p='$(MKDIR_P)'
oldincludedir='/usr/include'
pdfdir='${docdir}'
prefix='/usr/local'
program_transform_name='s,x,x,'
psdir='${docdir}'
sbindir='${exec_prefix}/sbin'
sharedstatedir='${prefix}/com'
sysconfdir='${prefix}/etc'
target='i686-pc-cygwin'
target_alias=''
target_cpu='i686'
target_os='cygwin'
target_vendor='pc'

## ----------- ##
## confdefs.h. ##
## ----------- ##

/* confdefs.h */
#define PACKAGE_NAME "machine"
#define PACKAGE_TARNAME "machine"
#define PACKAGE_VERSION "1.0"
#define PACKAGE_STRING "machine 1.0"
#define PACKAGE_BUGREPORT ""
#define PACKAGE_URL ""
#define PACKAGE "machine"
#define VERSION "1.0"
#define STDC_HEADERS 1
#define HAVE_SYS_TYPES_H 1
#define HAVE_SYS_STAT_H 1
#define HAVE_STDLIB_H 1
#define HAVE_STRING_H 1
#define HAVE_MEMORY_H 1
#define HAVE_STRINGS_H 1
#define HAVE_INTTYPES_H 1
#define HAVE_STDINT_H 1
#define HAVE_UNISTD_H 1
#define HAVE_DLFCN_H 1
#define LT_OBJDIR ".libs/"

configure: exit 0

## ---------------------- ##
## Running config.status. ##
## ---------------------- ##

This file was extended by machine config.status 1.0, which was
generated by GNU Autoconf 2.68.  Invocation command line was

  CONFIG_FILES    = 
  CONFIG_HEADERS  = 
  CONFIG_LINKS    = 
  CONFIG_COMMANDS = 
  $ ./config.status libmachine/Makefile depfiles

on user-PC

config.status:1030: creating libmachine/Makefile
config.status:1202: executing depfiles commands

## ---------------------- ##
## Running config.status. ##
## ---------------------- ##

This file was extended by machine config.status 1.0, which was
generated by GNU Autoconf 2.68.  Invocation command line was

  CONFIG_FILES    = 
  CONFIG_HEADERS  = 
  CONFIG_LINKS    = 
  CONFIG_COMMANDS = 
  $ ./config.status libmachine/Makefile depfiles

on user-PC

config.status:1030: creating libmachine/Makefile
config.status:1202: executing depfiles commands

## ---------------------- ##
## Running config.status. ##
## ---------------------- ##

This file was extended by machine config.status 1.0, which was
generated by GNU Autoconf 2.68.  Invocation command line was

  CONFIG_FILES    = 
  CONFIG_HEADERS  = 
  CONFIG_LINKS    = 
  CONFIG_COMMANDS = 
  $ ./config.status include/Makefile

on user-PC

config.status:1030: creating include/Makefile

## ---------------------- ##
## Running config.status. ##
## ---------------------- ##

This file was extended by machine config.status 1.0, which was
generated by GNU Autoconf 2.68.  Invocation command line was

  CONFIG_FILES    = 
  CONFIG_HEADERS  = 
  CONFIG_LINKS    = 
  CONFIG_COMMANDS = 
  $ ./config.status libmachine/Makefile depfiles

on user-PC

config.status:1030: creating libmachine/Makefile
config.status:1202: executing depfiles commands

## ---------------------- ##
## Running config.status. ##
## ---------------------- ##

This file was extended by machine config.status 1.0, which was
generated by GNU Autoconf 2.68.  Invocation command line was

  CONFIG_FILES    = 
  CONFIG_HEADERS  = 
  CONFIG_LINKS    = 
  CONFIG_COMMANDS = 
  $ ./config.status include/Makefile

on user-PC

config.status:1030: creating include/Makefile

## ---------------------- ##
## Running config.status. ##
## ---------------------- ##

This file was extended by machine config.status 1.0, which was
generated by GNU Autoconf 2.68.  Invocation command line was

  CONFIG_FILES    = 
  CONFIG_HEADERS  = 
  CONFIG_LINKS    = 
  CONFIG_COMMANDS = 
  $ ./config.status libmachine/Makefile depfiles

on user-PC

config.status:1030: creating libmachine/Makefile
config.status:1202: executing depfiles commands
